accountsservice
adw-gtk-theme
alsa-firmware
alsa-plugins
alsa-utils
amd-ucode
awesome-terminal-fonts
base
base-devel
bash-completion
bat-extras
bind
bluez
bluez-hid2hci
bluez-libs
bluez-obex
bluez-utils
btrfs-assistant
btrfs-progs
cachyos-fish-config
cachyos-gaming-applications
cachyos-gaming-meta
cachyos-hello
cachyos-hooks
cachyos-kernel-manager
cachyos-keyring
cachyos-micro-settings
cachyos-mirrorlist
cachyos-packageinstaller
cachyos-plymouth-bootanimation
cachyos-rate-mirrors
cachyos-settings
cachyos-snapper-support
cachyos-v3-mirrorlist
cachyos-v4-mirrorlist
cachyos-wallpapers
cachyos-zsh-config
calibre
cantarell-fonts
catppuccin-cursors-mocha
cava
chaotic-keyring
chaotic-mirrorlist
chwd
cli11
cmake
cpupower
cryptsetup
cups
cups-filters
cups-pdf
device-mapper
dgop
diffutils
dmidecode
dmraid
dnsmasq
docx2txt
dosfstools
dua-cli
duf
dust
e2fsprogs
efibootmgr
efitools
erdtree
ethtool
evtest
exfatprogs
f2fs-tools
fastfetch
ffmpegthumbnailer
filezilla
firefox
foomatic-db
foomatic-db-engine
foomatic-db-gutenprint-ppds
foomatic-db-nonfree
foomatic-db-nonfree-ppds
foomatic-db-ppds
fsarchiver
geany
ghostscript
ghostty
gimp
git
gitui
glances
glow
google-breakpad
gsfonts
gst-libav
gst-plugin-pipewire
gst-plugin-va
gst-plugins-bad
gst-plugins-ugly
gutenprint
hardinfo2
hdparm
helix
hplip
hwdetect
hwinfo
ibus
ibus-mozc
inetutils
inkscape
iptables-nft
iwd
jfsutils
less
lib32-mesa
lib32-opencl-mesa
lib32-vulkan-radeon
libdvdcss
libgsf
libmediainfo
libopenraw
libreoffice-fresh
libreoffice-fresh-en-gb
libreoffice-fresh-pt-br
libvirt
limine
limine-mkinitcpio-hook
limine-snapper-sync
linux-cachyos
linux-cachyos-headers
linux-cachyos-lts
linux-cachyos-lts-headers
linux-firmware
logrotate
logseq-desktop
loupe
lsb-release
lsscsi
ludusavi
lvm2
man-db
man-pages
matugen
mdadm
mediainfo
meld
mesa-utils
micro
mkinitcpio
modemmanager
movit
mpd
mpv
mpv-mpris
mtools
nano
nano-syntax-highlighting
nautilus-image-converter
netctl
networkmanager
networkmanager-openvpn
nfs-utils
nilfs-utils
niri
noto-fonts
noto-fonts-cjk
noto-fonts-emoji
nss-mdns
ntfs-3g
obs-studio
octopi
odt2txt
opencl-mesa
openssh
os-prober
otf-firamono-nerd
pacman-contrib
papirus-icon-theme
paru
pavucontrol
perl
perl-image-exiftool
pipewire-alsa
pipewire-pulse
pkgfile
plocate
plymouth
pnpm
poppler-glib
power-profiles-daemon
pv
python
python-defusedxml
python-ffsubsync
python-packaging
python-pdfminer
python-pyqt5
python-reportlab
qbittorrent
qemu-full
qgis
qt5-quickcontrols2
qt5ct
qt6ct-kde
quickshell-git
qutebrowser
rbw
rebuild-detector
reflector
restic
ripgrep
ripgrep-all
rmpc
rsync
s-nail
sddm
sg3_utils
smartmontools
snapper
sof-firmware
spice
spice-gtk
spice-protocol
splix
stow
sudo
sysfsutils
system-config-printer
tauon-music-box
telegram-desktop
texinfo
ttf-bitstream-vera
ttf-dejavu
ttf-hack-nerd
ttf-inconsolata-nerd
ttf-iosevka-nerd
ttf-jetbrains-mono-nerd
ttf-liberation
ttf-liberation-mono-nerd
ttf-meslo-nerd
ttf-noto-nerd
ttf-opensans
ttf-recursive-nerd
ttf-roboto-mono-nerd
ttf-ubuntu-mono-nerd
ttf-ubuntu-nerd
ttf-victor-mono-nerd
udiskie
ufw
unrar
unzip
upower
usb_modeswitch
usbutils
vesktop
vim
virt-manager
virt-viewer
virtiofsd
vlc-plugins-all
vulkan-radeon
wget
which
wireless-regdb
wireplumber
wlsunset
wpa_supplicant
xarchiver
xdg-user-dirs
xf86-video-amdgpu
xfsprogs
xl2tpd
xorg-xeyes
xorg-xlsclients
xwayland-satellite
yazi
yt-dlp
zathura
zathura-cb
zathura-djvu
zathura-pdf-mupdf
zip
zoxide
